<?xml version="1.0" encoding="UTF-8"?>
<!-- Generated by org.testng.reporters.JUnitXMLReporter -->
<testsuite ignored="0" hostname="HLW-BZD5GB3" failures="0" tests="2" name="Add Product Line" time="646.591" errors="0" timestamp="2024-03-11T13:04:43 SAST">
  <testcase classname="com.sts.testautomation.CreateNewQuoteCarsRegression" name="Login" time="6.394"/>
  <testcase classname="com.sts.testautomation.CreateNewQuoteCarsRegression" name="ClickOnQuotesPoliciesAndClaims" time="633.163"/>
</testsuite> <!-- Add Product Line -->
