<?xml version="1.0" encoding="UTF-8"?>
<!-- Generated by org.testng.reporters.JUnitXMLReporter -->
<testsuite ignored="0" hostname="HLW-BZD5GB3" failures="0" tests="2" name="Car Quote" time="1057.368" errors="0" timestamp="2024-05-08T10:48:20 SAST">
  <testcase classname="com.sts.testautomation.CreateNewQuoteCarsRegression3" name="Login" time="11.332"/>
  <testcase classname="com.sts.testautomation.CreateNewQuoteCarsRegression3" name="ClickOnQuotesPoliciesAndClaims" time="1034.942"/>
</testsuite> <!-- Car Quote -->
