<?xml version="1.0" encoding="UTF-8"?>
<!-- Generated by org.testng.reporters.JUnitXMLReporter -->
<testsuite ignored="0" hostname="HLW-HGNC4M3" failures="0" tests="2" name="Car Quote Regression Parallel" time="631.18" errors="0" timestamp="2024-05-30T14:11:35 SAST">
  <testcase classname="com.sts.testautomation.CreateNewQuoteCarsRegression2" name="Login" time="11.531"/>
  <testcase classname="com.sts.testautomation.CreateNewQuoteCarsRegression2" name="ClickOnQuotesPoliciesAndClaims" time="607.266"/>
</testsuite> <!-- Car Quote Regression Parallel -->
