<?xml version="1.0" encoding="UTF-8"?>
<!-- Generated by org.testng.reporters.JUnitXMLReporter -->
<testsuite ignored="1" hostname="HLW-HGNC4M3" failures="0" tests="2" name="Client creation and buildings2" time="79.808" errors="0" timestamp="2024-11-13T15:30:57 SAST">
  <testcase classname="com.sts.testautomation.CreateContentsNewQuoteParallel" name="Login" time="4.379"/>
  <testcase classname="com.sts.testautomation.CreateContentsNewQuoteParallel" name="rateExistingClient" time="63.353"/>
  <testcase classname="com.sts.testautomation.CreateContentsNewQuoteParallel" name="addNewClient" time="0.0">
    <ignored/>
  </testcase> <!-- addNewClient -->
</testsuite> <!-- Client creation and buildings2 -->
