<?xml version="1.0" encoding="UTF-8"?>
<!-- Generated by org.testng.reporters.JUnitXMLReporter -->
<testsuite ignored="3" hostname="HLW-HGNC4M3" failures="0" tests="2" name="Client creation and buildings" time="110.079" errors="0" timestamp="2024-12-03T16:13:50 SAST">
  <testcase classname="com.sts.testautomation.CreateMotorNewQuote" name="Login" time="1.582"/>
  <testcase classname="com.sts.testautomation.CreateMotorNewQuote" name="rateExistingClient" time="99.315"/>
  <testcase classname="com.sts.testautomation.CreateMotorNewQuote" name="EditClientQuote" time="0.0">
    <ignored/>
  </testcase> <!-- EditClientQuote -->
  <testcase classname="com.sts.testautomation.CreateMotorNewQuote" name="addNewClient" time="0.0">
    <ignored/>
  </testcase> <!-- addNewClient -->
  <testcase classname="com.sts.testautomation.CreateMotorNewQuote" name="EditClientBodyQuote" time="0.0">
    <ignored/>
  </testcase> <!-- EditClientBodyQuote -->
</testsuite> <!-- Client creation and buildings -->
