<?xml version="1.0" encoding="UTF-8"?>
<testsuite xmlns:xsi="http://www.w3.org/2001/XMLSchema-instance" xsi:noNamespaceSchemaLocation="https://maven.apache.org/surefire/maven-surefire-plugin/xsd/surefire-test-report.xsd" name="TestSuite" time="235.034" tests="2" errors="0" skipped="0" failures="0">
  <properties>
[...]
</properties>
  <testcase name="Login" classname="com.sts.testautomation.steps.Cyber_Insurances" time="11.481"/>
  <testcase name="CreateClient" classname="com.sts.testautomation.steps.Cyber_Insurances" time="210.855"/>
</testsuite>