<?xml version="1.0" encoding="UTF-8"?>
<testsuite xmlns:xsi="http://www.w3.org/2001/XMLSchema-instance" xsi:noNamespaceSchemaLocation="https://maven.apache.org/surefire/maven-surefire-plugin/xsd/surefire-test-report.xsd" name="TestSuite" time="151.956" tests="2" errors="0" skipped="0" failures="1">
  <properties>
[...]
</properties>
  <testcase name="Login" classname="com.sts.testautomation.steps.Cyber_Insurances" time="6.717"/>
  <testcase name="CreateClient" classname="com.sts.testautomation.steps.Cyber_Insurances" time="135.511">
    <failure message="element click intercepted: Element &lt;span class=&quot;rtbText&quot;&gt;...&lt;/span&gt; is not clickable at point (719, 164). Other element would receive the click: &lt;span unselectable=&quot;on&quot; class=&quot;rwTitle&quot;&gt;...&lt;/span&gt;&#10;  (Session info: MicrosoftEdge=138.0.3351.77)&#10;Build info: version: &apos;3.13.0&apos;, revision: &apos;2f0d292&apos;, time: &apos;2018-06-25T15:24:21.231Z&apos;&#10;System info: host: &apos;HSSHIALMVM15&apos;, ip: &apos;172.19.116.226&apos;, os.name: &apos;Windows Server 2022&apos;, os.arch: &apos;amd64&apos;, os.version: &apos;10.0&apos;, java.version: &apos;24&apos;&#10;Driver info: org.openqa.selenium.edge.EdgeDriver&#10;Capabilities {acceptInsecureCerts: false, browserName: MicrosoftEdge, browserVersion: 138.0.3351.77, fedcm:accounts: true, javascriptEnabled: true, ms:edgeOptions: {debuggerAddress: localhost:55107}, msedge: {msedgedriverVersion: 138.0.3351.95 (b095f7295f46..., userDataDir: C:\Users\SANDHI~1\AppData\L...}, networkConnectionEnabled: false, pageLoadStrategy: normal, platform: WINDOWS, platformName: WINDOWS, proxy: Proxy(), setWindowRect: true, strictFileInteractability: false, timeouts: {implicit: 0, pageLoad: 300000, script: 30000}, unhandledPromptBehavior: dismiss and notify, webauthn:extension:credBlob: true, webauthn:extension:largeBlob: true, webauthn:extension:minPinLength: true, webauthn:extension:prf: true, webauthn:virtualAuthenticators: true}&#10;Session ID: e2a29f9443bf7565a014bb01cfb39a48" type="org.openqa.selenium.ElementClickInterceptedException"><![CDATA[org.openqa.selenium.ElementClickInterceptedException: 
element click intercepted: Element <span class="rtbText">...</span> is not clickable at point (719, 164). Other element would receive the click: <span unselectable="on" class="rwTitle">...</span>
  (Session info: MicrosoftEdge=138.0.3351.77)
Build info: version: '3.13.0', revision: '2f0d292', time: '2018-06-25T15:24:21.231Z'
System info: host: 'HSSHIALMVM15', ip: '172.19.116.226', os.name: 'Windows Server 2022', os.arch: 'amd64', os.version: '10.0', java.version: '24'
Driver info: org.openqa.selenium.edge.EdgeDriver
Capabilities {acceptInsecureCerts: false, browserName: MicrosoftEdge, browserVersion: 138.0.3351.77, fedcm:accounts: true, javascriptEnabled: true, ms:edgeOptions: {debuggerAddress: localhost:55107}, msedge: {msedgedriverVersion: 138.0.3351.95 (b095f7295f46..., userDataDir: C:\Users\SANDHI~1\AppData\L...}, networkConnectionEnabled: false, pageLoadStrategy: normal, platform: WINDOWS, platformName: WINDOWS, proxy: Proxy(), setWindowRect: true, strictFileInteractability: false, timeouts: {implicit: 0, pageLoad: 300000, script: 30000}, unhandledPromptBehavior: dismiss and notify, webauthn:extension:credBlob: true, webauthn:extension:largeBlob: true, webauthn:extension:minPinLength: true, webauthn:extension:prf: true, webauthn:virtualAuthenticators: true}
Session ID: e2a29f9443bf7565a014bb01cfb39a48
	at com.sts.testautomation.steps.Cyber_Insurances.CreateClient(Cyber_Insurances.java:189)
]]></failure>
    <system-out><![CDATA[I am in onTestStart method CreateClient start
Finished to ini Excel
The text: 'Vukani Shembe ' was sent to Search on Chrome
Search was clicked on Chrome
Client Result Name was clicked on Chrome
New Quote was clicked on Chrome
Prestige V2 was clicked on Chrome
Next was clicked on Chrome
Next was clicked on Chrome
Next was clicked on Chrome
Open Quote was clicked on Chrome
Cover was clicked on Chrome
Cyber Insurance Cover was clicked on Chrome
Add New Item was clicked on Chrome
Switch focus to pop up frame displayed on Chrome
Successfully switched to Switch focus to pop up frame
Cyber Insurance Cover Option was clicked on Chrome
Mega
Mega was clicked on Chrome
cyber insurance cover option screenshot captured on: Chrome
Yes
Cover For Partner was clicked on Chrome
cyber insurance cover for partner screenshot captured on: Chrome
Yes
Cover For Children was clicked on Chrome
cyber insurance cover for Children screenshot captured on: Chrome
Save was clicked on Chrome
after save
=== DEBUG: Available Calculate/Premium elements ===
[{"tagName":"LI","text":"Premium Groups","title":"","className":"rmItem ","id":"","displayed":false},{"tagName":"A","text":"Premium Groups","title":"","className":"rmLink","id":"","displayed":false},{"tagName":"DIV","text":"Quote\n\t\t\n\t\t\n\n\t\t\t\n\t\t\n\t\t\tView QuotationCalculate Cov","title":"","className":"AdminContent AdminTitleBar","id":"","displayed":true},{"tagName":"DIV","text":"View QuotationCalculate Coverage PremiumsSave Exte","title":"","className":"layoutCell","id":"","displayed":true},{"tagName":"DIV","text":"View QuotationCalculate Coverage PremiumsSave Exte","title":"","className":"RadToolBar RadToolBar_Horizontal RadToolBar_Default RadToolBar_Default_Horizontal","id":"ctl00_ContentPlaceHolder1_ItemToolBar","displayed":true},{"tagName":"LI","text":"Calculate Coverage Premiums","title":"","className":"rtbLI rtbItem","id":"","displayed":true},{"tagName":"SPAN","text":"Calculate Coverage Premiums","title":"Calculate Premium","className":"rtbButton","id":"","displayed":true},{"tagName":"SPAN","text":"","title":"Calculate Premium","className":"rtbImage ToolbarIcon-Calculate","id":"","displayed":true},{"tagName":"SPAN","text":"Calculate Coverage Premiums","title":"","className":"rtbText","id":"","displayed":true},{"tagName":"DIV","text":"Premium\n\t\t\t\t\n\t\t\t\t\tR0.00\n\t\t\t\t\n\t\t\t\n\t\t\t\n\t\t\t\tVAT\n\t\t\t\t\n","title":"","className":"layoutCell layoutRowTopAlign","id":"","displayed":true},{"tagName":"DIV","text":"Premium\n\t\t\t\t\n\t\t\t\t\tR0.00","title":"","className":"layoutRow","id":"","displayed":true},{"tagName":"DIV","text":"Premium","title":"","className":"layoutCell dataCellMin120","id":"","displayed":true}]
====================================================
Calculate Premium was clicked on Chrome
calculated Premium screenshot captured on: Chrome
Method 3: ENTER key sent
Switch focus to pop up frame displayed on Chrome
Successfully switched to Switch focus to pop up frame
Method 1 failed, trying Method 2
OK button clicked in iframe - Method 2
I am in onTestFailure method CreateClient failed
]]></system-out>
    <system-err><![CDATA[TEST CASE 1 Passed
]]></system-err>
  </testcase>
</testsuite>