<?xml version="1.0" encoding="UTF-8"?>
<testng-results ignored="0" total="2" passed="2" failed="0" skipped="0">
  <reporter-output>
  </reporter-output>
  <suite started-at="2025-08-12T06:51:45Z" name="Hollard Automation Testing on Windows Controller" finished-at="2025-08-12T06:55:36Z" duration-ms="231208">
    <groups>
    </groups>
    <test started-at="2025-08-12T06:51:45Z" name="Test on Chrome" finished-at="2025-08-12T06:55:36Z" duration-ms="231208">
      <class name="com.sts.testautomation.steps.Cyber_Insurances">
        <test-method is-config="true" signature="setup()[pri:0, instance:com.sts.testautomation.steps.Cyber_Insurances@212bf671]" started-at="2025-08-12T06:51:45Z" name="setup" description="Initialize Grid" finished-at="2025-08-12T06:51:45Z" duration-ms="77" status="PASS">
          <reporter-output>
          </reporter-output>
        </test-method> <!-- setup -->
        <test-method is-config="true" signature="setupTest(java.lang.String, java.lang.String)[pri:0, instance:com.sts.testautomation.steps.Cyber_Insurances@212bf671]" started-at="2025-08-12T06:51:45Z" name="setupTest" description="Instantiate Grid" finished-at="2025-08-12T06:51:53Z" duration-ms="8046" status="PASS">
          <params>
            <param index="0">
              <value>
                <![CDATA[https://uat.nimbis.co.za/]]>
              </value>
            </param>
            <param index="1">
              <value>
                <![CDATA[Chrome]]>
              </value>
            </param>
          </params>
          <reporter-output>
          </reporter-output>
        </test-method> <!-- setupTest -->
        <test-method signature="Login(java.lang.String)[pri:0, instance:com.sts.testautomation.steps.Cyber_Insurances@212bf671]" started-at="2025-08-12T06:51:53Z" name="Login" description="Logging in to NIMBIS" finished-at="2025-08-12T06:52:05Z" duration-ms="12212" status="PASS">
          <params>
            <param index="0">
              <value>
                <![CDATA[https://uat.nimbis.co.za/]]>
              </value>
            </param>
          </params>
          <reporter-output>
          </reporter-output>
        </test-method> <!-- Login -->
        <test-method signature="CreateClient(java.lang.String)[pri:1, instance:com.sts.testautomation.steps.Cyber_Insurances@212bf671]" started-at="2025-08-12T06:52:05Z" name="CreateClient" description="Add Cyber Insurance Section" finished-at="2025-08-12T06:55:36Z" duration-ms="210856" status="PASS">
          <params>
            <param index="0">
              <value>
                <![CDATA[https://uat.nimbis.co.za/]]>
              </value>
            </param>
          </params>
          <reporter-output>
          </reporter-output>
        </test-method> <!-- CreateClient -->
      </class> <!-- com.sts.testautomation.steps.Cyber_Insurances -->
    </test> <!-- Test on Chrome -->
  </suite> <!-- Hollard Automation Testing on Windows Controller -->
</testng-results>
